GROUP,PACKAGE,CLASS,INSTRUCTION_MISSED,INSTRUCTION_COVERED,BRANCH_MISSED,BRANCH_COVERED,LINE_MISSED,LINE_COVERED,COMPLEXITY_MISSED,COMPLEXITY_COVERED,METHOD_MISSED,METHOD_COVERED
Coocotte,fr.rigaudie.coocotte.domain,User,76,121,2,4,6,45,6,27,4,26
Coocotte,fr.rigaudie.coocotte.domain,AbstractAuditingEntity,16,21,0,0,8,9,4,5,4,5
Coocotte,fr.rigaudie.coocotte.domain,PersistentAuditEvent,8,35,0,0,4,13,2,9,2,9
Coocotte,fr.rigaudie.coocotte.domain,Authority,44,23,12,2,7,7,8,5,1,5
Coocotte,fr.rigaudie.coocotte.domain,Article,0,142,1,9,0,45,1,25,0,21
Coocotte,fr.rigaudie.coocotte.repository,CustomAuditEventRepository,101,9,10,0,23,4,9,1,4,1
Coocotte,fr.rigaudie.coocotte,CoocotteApp,81,24,8,2,15,8,6,3,1,3
Coocotte,fr.rigaudie.coocotte,ApplicationWebXml,15,0,0,0,3,0,2,0,2,0
Coocotte,fr.rigaudie.coocotte.web.rest.util,PaginationUtil,41,101,2,4,4,13,3,3,1,2
Coocotte,fr.rigaudie.coocotte.web.rest.util,HeaderUtil,3,82,0,0,2,13,1,6,1,6
Coocotte,fr.rigaudie.coocotte.service.util,RandomUtil,3,9,0,0,2,3,1,3,1,3
Coocotte,fr.rigaudie.coocotte.aop.logging,LoggingAspect,175,0,10,0,23,0,9,0,4,0
Coocotte,fr.rigaudie.coocotte.service.dto,UserDTO,81,137,0,0,1,43,1,19,1,19
Coocotte,fr.rigaudie.coocotte.web.rest,UserResource,0,219,0,14,0,44,0,13,0,6
Coocotte,fr.rigaudie.coocotte.web.rest,LogsResource,0,27,0,0,0,9,0,3,0,3
Coocotte,fr.rigaudie.coocotte.web.rest,AccountResource,171,124,14,0,30,24,18,9,11,9
Coocotte,fr.rigaudie.coocotte.web.rest,UserJWTController,64,13,2,0,12,5,2,1,1,1
Coocotte,fr.rigaudie.coocotte.web.rest,ArticleResource,0,140,0,4,0,28,0,8,0,6
Coocotte,fr.rigaudie.coocotte.web.rest,ProfileInfoResource.ProfileInfoVM,0,18,0,0,0,6,0,3,0,3
Coocotte,fr.rigaudie.coocotte.web.rest,JWTToken,13,0,0,0,6,0,3,0,3,0
Coocotte,fr.rigaudie.coocotte.web.rest,ProfileInfoResource,0,54,0,4,0,15,0,5,0,3
Coocotte,fr.rigaudie.coocotte.web.rest,AuditResource,0,54,0,0,0,10,0,4,0,4
Coocotte,fr.rigaudie.coocotte.config,ThymeleafConfiguration,0,29,0,0,0,10,0,2,0,2
Coocotte,fr.rigaudie.coocotte.config,LoggingConfiguration,108,25,1,1,25,8,2,1,1,1
Coocotte,fr.rigaudie.coocotte.config,WebConfigurer,196,124,14,6,37,30,14,6,4,6
Coocotte,fr.rigaudie.coocotte.config,LoggingAspectConfiguration,5,3,0,0,1,1,1,1,1,1
Coocotte,fr.rigaudie.coocotte.config,LocaleConfiguration,0,25,0,0,0,9,0,4,0,4
Coocotte,fr.rigaudie.coocotte.config,ApplicationProperties,0,3,0,0,0,1,0,1,0,1
Coocotte,fr.rigaudie.coocotte.config,DefaultProfileUtil,16,11,0,2,6,4,2,2,2,1
Coocotte,fr.rigaudie.coocotte.config,LoggingConfiguration.LogbackLoggerContextListener,20,0,0,0,8,0,6,0,6,0
Coocotte,fr.rigaudie.coocotte.config,MetricsConfiguration,24,119,3,3,7,26,3,5,0,5
Coocotte,fr.rigaudie.coocotte.config,AsyncConfiguration,0,48,0,0,0,12,0,3,0,3
Coocotte,fr.rigaudie.coocotte.config,SecurityConfiguration,7,256,0,0,2,55,0,8,0,8
Coocotte,fr.rigaudie.coocotte.config,CacheConfiguration,36,27,0,0,5,10,1,2,1,2
Coocotte,fr.rigaudie.coocotte.config,DateTimeFormatConfiguration,0,14,0,0,0,5,0,2,0,2
Coocotte,fr.rigaudie.coocotte.config,Constants,3,0,0,0,2,0,1,0,1,0
Coocotte,fr.rigaudie.coocotte.config,DatabaseConfiguration,4,59,1,1,1,15,1,3,0,3
Coocotte,fr.rigaudie.coocotte.config,CloudDatabaseConfiguration,15,0,0,0,4,0,2,0,2,0
Coocotte,fr.rigaudie.coocotte.security.jwt,JWTFilter,67,10,8,0,17,4,6,1,2,1
Coocotte,fr.rigaudie.coocotte.security.jwt,TokenProvider,55,136,1,1,13,40,2,4,1,4
Coocotte,fr.rigaudie.coocotte.security.jwt,JWTConfigurer,0,18,0,0,0,6,0,2,0,2
Coocotte,fr.rigaudie.coocotte.service.mapper,UserMapperImpl,143,3,18,0,40,1,13,1,4,1
Coocotte,fr.rigaudie.coocotte.service.mapper,UserMapper,38,0,2,0,12,0,5,0,4,0
Coocotte,fr.rigaudie.coocotte.config.audit,AuditEventConverter,97,38,14,2,22,8,10,3,2,3
Coocotte,fr.rigaudie.coocotte.web.rest.vm,LoginVM,43,0,0,0,11,0,8,0,8,0
Coocotte,fr.rigaudie.coocotte.web.rest.vm,ManagedUserVM,10,25,0,0,2,6,1,3,1,3
Coocotte,fr.rigaudie.coocotte.web.rest.vm,KeyAndPasswordVM,17,0,0,0,7,0,5,0,5,0
Coocotte,fr.rigaudie.coocotte.web.rest.vm,LoggerVM,21,29,0,0,1,12,1,6,1,6
Coocotte,fr.rigaudie.coocotte.service,AuditEventService,0,48,0,0,0,10,0,4,0,4
Coocotte,fr.rigaudie.coocotte.service,UserService,115,337,3,3,28,90,11,16,8,16
Coocotte,fr.rigaudie.coocotte.service,MailService,191,45,0,0,36,12,3,2,3,2
Coocotte,fr.rigaudie.coocotte.security,UserNotActivatedException,9,0,0,0,4,0,2,0,2,0
Coocotte,fr.rigaudie.coocotte.security,SpringSecurityAuditorAware,0,11,0,2,0,3,0,3,0,2
Coocotte,fr.rigaudie.coocotte.security,DomainUserDetailsService,77,10,2,0,12,4,5,1,4,1
Coocotte,fr.rigaudie.coocotte.security,AuthoritiesConstants,3,0,0,0,2,0,1,0,1,0
Coocotte,fr.rigaudie.coocotte.security,SecurityUtils,34,41,5,5,11,13,7,4,3,3
Coocotte,fr.rigaudie.coocotte.web.rest.errors,ErrorConstants,3,0,0,0,2,0,1,0,1,0
Coocotte,fr.rigaudie.coocotte.web.rest.errors,FieldErrorVM,0,21,0,0,0,8,0,4,0,4
Coocotte,fr.rigaudie.coocotte.web.rest.errors,ErrorVM,12,42,1,1,5,13,2,6,1,6
Coocotte,fr.rigaudie.coocotte.web.rest.errors,ParameterizedErrorVM,15,0,0,0,6,0,3,0,3,0
Coocotte,fr.rigaudie.coocotte.web.rest.errors,ExceptionTranslator,64,35,2,2,11,8,6,3,5,2
Coocotte,fr.rigaudie.coocotte.web.rest.errors,CustomParameterizedException,64,0,6,0,12,0,6,0,3,0
